Mon, 29 Jan 2018 15:03:45 +0000 [::1] 
Mon, 29 Jan 2018 15:03:52 +0000 [::1] 
Mon, 29 Jan 2018 15:04:33 +0000 [::1] 
Mon, 29 Jan 2018 15:04:34 +0000 [::1] 
Mon, 29 Jan 2018 15:05:45 +0000 [::1] 
Mon, 29 Jan 2018 15:06:10 +0000 [::1] 
Mon, 29 Jan 2018 15:06:12 +0000 [::1] 
Mon, 29 Jan 2018 15:06:44 +0000 [::1] 11
Mon, 29 Jan 2018 15:07:37 +0000 [::1] 11
Mon, 29 Jan 2018 15:17:40 +0000 [::1] 11
Mon, 29 Jan 2018 15:17:44 +0000 [::1] 11
Mon, 29 Jan 2018 15:18:16 +0000 [::1] 11
Mon, 29 Jan 2018 15:18:43 +0000 [::1] 11
Mon, 29 Jan 2018 15:19:52 +0000 [::1] 11
Mon, 29 Jan 2018 15:20:15 +0000 [::1] 11
Mon, 29 Jan 2018 15:20:32 +0000 [::1] 11
Mon, 29 Jan 2018 15:20:48 +0000 [::1] 11
Mon, 29 Jan 2018 15:21:08 +0000 [::1] 11
Mon, 29 Jan 2018 15:21:24 +0000 [::1] 11
Mon, 29 Jan 2018 15:21:34 +0000 [::1] 11
Mon, 29 Jan 2018 15:23:30 +0000 [::1] 11
Mon, 29 Jan 2018 15:23:38 +0000 [::1] 11
Mon, 29 Jan 2018 15:23:43 +0000 [::1] 11
Mon, 29 Jan 2018 15:25:33 +0000 [::1] 11
Mon, 29 Jan 2018 15:25:41 +0000 [::1] 11
Mon, 29 Jan 2018 15:25:52 +0000 [::1] 3
Mon, 29 Jan 2018 15:25:53 +0000 [::1] 1
Mon, 29 Jan 2018 15:38:14 +0000 [::1] 1
Mon, 29 Jan 2018 15:38:34 +0000 [::1] 1
Mon, 29 Jan 2018 15:38:49 +0000 [::1] 1
Mon, 29 Jan 2018 15:40:26 +0000 [::1] 1
Mon, 29 Jan 2018 15:41:55 +0000 [::1] 1
Tue, 30 Jan 2018 09:37:22 +0000 [::1] 
Tue, 30 Jan 2018 09:43:18 +0000 [::1] 
Tue, 30 Jan 2018 09:43:21 +0000 [::1] 
Thu, 01 Feb 2018 07:47:31 +0000 [::1] 1
Thu, 01 Feb 2018 07:47:32 +0000 [::1] 3
Thu, 01 Feb 2018 07:50:35 +0000 [::1] About
Thu, 01 Feb 2018 07:50:48 +0000 [::1] Contact Us
Thu, 01 Feb 2018 07:50:58 +0000 [::1] About
Thu, 01 Feb 2018 07:50:59 +0000 [::1] Contact Us
Thu, 01 Feb 2018 07:50:59 +0000 [::1] About
Thu, 01 Feb 2018 07:51:00 +0000 [::1] Contact Us
